{
  "stats": {
    "suites": 2,
    "tests": 3,
    "passes": 3,
    "pending": 0,
    "failures": 0,
    "start": "2017-08-15T14:45:58.893Z",
    "end": "2017-08-15T14:45:58.901Z",
    "duration": 8,
    "testsRegistered": 3,
    "passPercent": 100,
    "pendingPercent": 0,
    "other": 0,
    "hasOther": false,
    "skipped": 0,
    "hasSkipped": false,
    "passPercentClass": "success",
    "pendingPercentClass": "danger"
  },
  "suites": {
    "title": "",
    "suites": [
      {
        "title": "加法函数的测试",
        "suites": [],
        "tests": [
          {
            "title": "1 加 1 应该等于 2",
            "fullTitle": "加法函数的测试 1 加 1 应该等于 2",
            "timedOut": false,
            "duration": 1,
            "state": "passed",
            "speed": "fast",
            "pass": true,
            "fail": false,
            "pending": false,
            "code": "expect(add(1, 1)).to.be.equal(2);",
            "err": {},
            "isRoot": false,
            "uuid": "14c25f24-1e9d-4b50-a43e-edca508e53f8",
            "parentUUID": "6743154d-e949-4b9b-b49e-eb27ba88088b",
            "isHook": false,
            "skipped": false
          },
          {
            "title": "任何数加0应该等于自身",
            "fullTitle": "加法函数的测试 任何数加0应该等于自身",
            "timedOut": false,
            "duration": 0,
            "state": "passed",
            "speed": "fast",
            "pass": true,
            "fail": false,
            "pending": false,
            "code": "expect(add(1, 0)).to.be.equal(1);",
            "err": {},
            "isRoot": false,
            "uuid": "36e25e11-e7cb-44df-9c85-74a7f14bf43b",
            "parentUUID": "6743154d-e949-4b9b-b49e-eb27ba88088b",
            "isHook": false,
            "skipped": false
          }
        ],
        "pending": [],
        "root": false,
        "_timeout": 2000,
        "file": "\\test\\add.test.js",
        "uuid": "6743154d-e949-4b9b-b49e-eb27ba88088b",
        "beforeHooks": [],
        "afterHooks": [],
        "fullFile": "E:\\GitHub\\iSpring.github.io\\node\\test\\mocha-demos\\demo02\\test\\add.test.js",
        "passes": [
          {
            "title": "1 加 1 应该等于 2",
            "fullTitle": "加法函数的测试 1 加 1 应该等于 2",
            "timedOut": false,
            "duration": 1,
            "state": "passed",
            "speed": "fast",
            "pass": true,
            "fail": false,
            "pending": false,
            "code": "expect(add(1, 1)).to.be.equal(2);",
            "err": {},
            "isRoot": false,
            "uuid": "14c25f24-1e9d-4b50-a43e-edca508e53f8",
            "parentUUID": "6743154d-e949-4b9b-b49e-eb27ba88088b",
            "isHook": false,
            "skipped": false
          },
          {
            "title": "任何数加0应该等于自身",
            "fullTitle": "加法函数的测试 任何数加0应该等于自身",
            "timedOut": false,
            "duration": 0,
            "state": "passed",
            "speed": "fast",
            "pass": true,
            "fail": false,
            "pending": false,
            "code": "expect(add(1, 0)).to.be.equal(1);",
            "err": {},
            "isRoot": false,
            "uuid": "36e25e11-e7cb-44df-9c85-74a7f14bf43b",
            "parentUUID": "6743154d-e949-4b9b-b49e-eb27ba88088b",
            "isHook": false,
            "skipped": false
          }
        ],
        "failures": [],
        "skipped": [],
        "hasBeforeHooks": false,
        "hasAfterHooks": false,
        "hasTests": true,
        "hasSuites": false,
        "totalTests": 2,
        "totalPasses": 2,
        "totalFailures": 0,
        "totalPending": 0,
        "totalSkipped": 0,
        "hasPasses": true,
        "hasFailures": false,
        "hasPending": false,
        "hasSkipped": false,
        "duration": 1,
        "rootEmpty": false
      },
      {
        "title": "乘法函数的测试",
        "suites": [],
        "tests": [
          {
            "title": "1 乘 1 应该等于 1",
            "fullTitle": "乘法函数的测试 1 乘 1 应该等于 1",
            "timedOut": false,
            "duration": 0,
            "state": "passed",
            "speed": "fast",
            "pass": true,
            "fail": false,
            "pending": false,
            "code": "expect(multiply(1, 1)).to.be.equal(1);",
            "err": {},
            "isRoot": false,
            "uuid": "2203a9e9-ce45-4faa-997f-d69bf74bf8e5",
            "parentUUID": "4420ff5c-b0f7-4dfd-b14d-27c4ce32886f",
            "isHook": false,
            "skipped": false
          }
        ],
        "pending": [],
        "root": false,
        "_timeout": 2000,
        "file": "\\test\\dir\\multiply.test.js",
        "uuid": "4420ff5c-b0f7-4dfd-b14d-27c4ce32886f",
        "beforeHooks": [],
        "afterHooks": [],
        "fullFile": "E:\\GitHub\\iSpring.github.io\\node\\test\\mocha-demos\\demo02\\test\\dir\\multiply.test.js",
        "passes": [
          {
            "title": "1 乘 1 应该等于 1",
            "fullTitle": "乘法函数的测试 1 乘 1 应该等于 1",
            "timedOut": false,
            "duration": 0,
            "state": "passed",
            "speed": "fast",
            "pass": true,
            "fail": false,
            "pending": false,
            "code": "expect(multiply(1, 1)).to.be.equal(1);",
            "err": {},
            "isRoot": false,
            "uuid": "2203a9e9-ce45-4faa-997f-d69bf74bf8e5",
            "parentUUID": "4420ff5c-b0f7-4dfd-b14d-27c4ce32886f",
            "isHook": false,
            "skipped": false
          }
        ],
        "failures": [],
        "skipped": [],
        "hasBeforeHooks": false,
        "hasAfterHooks": false,
        "hasTests": true,
        "hasSuites": false,
        "totalTests": 1,
        "totalPasses": 1,
        "totalFailures": 0,
        "totalPending": 0,
        "totalSkipped": 0,
        "hasPasses": true,
        "hasFailures": false,
        "hasPending": false,
        "hasSkipped": false,
        "duration": 0,
        "rootEmpty": false
      }
    ],
    "tests": [],
    "pending": [],
    "root": true,
    "_timeout": 2000,
    "uuid": "db620d66-c2f5-41cf-9069-d05845122f24",
    "beforeHooks": [],
    "afterHooks": [],
    "fullFile": "",
    "file": "",
    "passes": [],
    "failures": [],
    "skipped": [],
    "hasBeforeHooks": false,
    "hasAfterHooks": false,
    "hasTests": false,
    "hasSuites": true,
    "totalTests": 0,
    "totalPasses": 0,
    "totalFailures": 0,
    "totalPending": 0,
    "totalSkipped": 0,
    "hasPasses": false,
    "hasFailures": false,
    "hasPending": false,
    "hasSkipped": false,
    "duration": 0,
    "rootEmpty": true
  },
  "allTests": [
    {
      "title": "1 加 1 应该等于 2",
      "fullTitle": "加法函数的测试 1 加 1 应该等于 2",
      "timedOut": false,
      "duration": 1,
      "state": "passed",
      "speed": "fast",
      "pass": true,
      "fail": false,
      "pending": false,
      "code": "expect(add(1, 1)).to.be.equal(2);",
      "err": {},
      "isRoot": false,
      "uuid": "14c25f24-1e9d-4b50-a43e-edca508e53f8",
      "parentUUID": "6743154d-e949-4b9b-b49e-eb27ba88088b",
      "isHook": false,
      "skipped": false
    },
    {
      "title": "任何数加0应该等于自身",
      "fullTitle": "加法函数的测试 任何数加0应该等于自身",
      "timedOut": false,
      "duration": 0,
      "state": "passed",
      "speed": "fast",
      "pass": true,
      "fail": false,
      "pending": false,
      "code": "expect(add(1, 0)).to.be.equal(1);",
      "err": {},
      "isRoot": false,
      "uuid": "36e25e11-e7cb-44df-9c85-74a7f14bf43b",
      "parentUUID": "6743154d-e949-4b9b-b49e-eb27ba88088b",
      "isHook": false,
      "skipped": false
    },
    {
      "title": "1 乘 1 应该等于 1",
      "fullTitle": "乘法函数的测试 1 乘 1 应该等于 1",
      "timedOut": false,
      "duration": 0,
      "state": "passed",
      "speed": "fast",
      "pass": true,
      "fail": false,
      "pending": false,
      "code": "expect(multiply(1, 1)).to.be.equal(1);",
      "err": {},
      "isRoot": false,
      "uuid": "2203a9e9-ce45-4faa-997f-d69bf74bf8e5",
      "parentUUID": "4420ff5c-b0f7-4dfd-b14d-27c4ce32886f",
      "isHook": false,
      "skipped": false
    }
  ],
  "allPending": [],
  "allPasses": [
    {
      "title": "1 加 1 应该等于 2",
      "fullTitle": "加法函数的测试 1 加 1 应该等于 2",
      "timedOut": false,
      "duration": 1,
      "state": "passed",
      "speed": "fast",
      "pass": true,
      "fail": false,
      "pending": false,
      "code": "expect(add(1, 1)).to.be.equal(2);",
      "err": {},
      "isRoot": false,
      "uuid": "14c25f24-1e9d-4b50-a43e-edca508e53f8",
      "parentUUID": "6743154d-e949-4b9b-b49e-eb27ba88088b",
      "isHook": false,
      "skipped": false
    },
    {
      "title": "任何数加0应该等于自身",
      "fullTitle": "加法函数的测试 任何数加0应该等于自身",
      "timedOut": false,
      "duration": 0,
      "state": "passed",
      "speed": "fast",
      "pass": true,
      "fail": false,
      "pending": false,
      "code": "expect(add(1, 0)).to.be.equal(1);",
      "err": {},
      "isRoot": false,
      "uuid": "36e25e11-e7cb-44df-9c85-74a7f14bf43b",
      "parentUUID": "6743154d-e949-4b9b-b49e-eb27ba88088b",
      "isHook": false,
      "skipped": false
    },
    {
      "title": "1 乘 1 应该等于 1",
      "fullTitle": "乘法函数的测试 1 乘 1 应该等于 1",
      "timedOut": false,
      "duration": 0,
      "state": "passed",
      "speed": "fast",
      "pass": true,
      "fail": false,
      "pending": false,
      "code": "expect(multiply(1, 1)).to.be.equal(1);",
      "err": {},
      "isRoot": false,
      "uuid": "2203a9e9-ce45-4faa-997f-d69bf74bf8e5",
      "parentUUID": "4420ff5c-b0f7-4dfd-b14d-27c4ce32886f",
      "isHook": false,
      "skipped": false
    }
  ],
  "allFailures": [],
  "copyrightYear": 2017
}